<?xml version="1.0" encoding="UTF-8"?>
<!-- Generated by org.testng.reporters.JUnitXMLReporter -->
<testsuite hostname="DESKTOP-T0ENOIE" ignored="1" name="RegressionTest" tests="1" failures="0" timestamp="18 Jun 2019 06:00:31 GMT" time="35.295" errors="0">
  <testcase name="TS01_verifyDuplicateStudentNotAbleToRegister" time="34.641" classname="com.sussex.testMethods.TC01_verifyRegistrationPage"/>
  <testcase name="TS01_verifyStudentAbleToRegisterToWithSussexUniversity" time="0.0" classname="com.sussex.testMethods.TC01_verifyRegistrationPage">
    <ignored/>
  </testcase> <!-- TS01_verifyStudentAbleToRegisterToWithSussexUniversity -->
</testsuite> <!-- RegressionTest -->
